<?xml version="1.0" encoding="UTF-8"?>
<testsuite xmlns:xsi="http://www.w3.org/2001/XMLSchema-instance" xsi:noNamespaceSchemaLocation="https://maven.apache.org/surefire/maven-surefire-plugin/xsd/surefire-test-report-3.0.xsd" version="3.0" name="com.techacademy.controller.EmployeeControllerTest" time="9.654" tests="13" errors="0" skipped="0" failures="0">
  <properties>
    <property name="java.specification.version" value="17"/>
    <property name="sun.jnu.encoding" value="UTF-8"/>
    <property name="java.class.path" value="/Users/takumi/Downloads/lyta-dailyreport-system/target/test-classes:/Users/takumi/Downloads/lyta-dailyreport-system/target/classes:/Users/takumi/.m2/repository/org/springframework/boot/spring-boot-starter-data-jpa/3.2.0/spring-boot-starter-data-jpa-3.2.0.jar:/Users/takumi/.m2/repository/org/springframework/boot/spring-boot-starter-aop/3.2.0/spring-boot-starter-aop-3.2.0.jar:/Users/takumi/.m2/repository/org/aspectj/aspectjweaver/1.9.20.1/aspectjweaver-1.9.20.1.jar:/Users/takumi/.m2/repository/org/springframework/boot/spring-boot-starter-jdbc/3.2.0/spring-boot-starter-jdbc-3.2.0.jar:/Users/takumi/.m2/repository/com/zaxxer/HikariCP/5.0.1/HikariCP-5.0.1.jar:/Users/takumi/.m2/repository/org/springframework/spring-jdbc/6.1.1/spring-jdbc-6.1.1.jar:/Users/takumi/.m2/repository/org/hibernate/orm/hibernate-core/6.3.1.Final/hibernate-core-6.3.1.Final.jar:/Users/takumi/.m2/repository/jakarta/persistence/jakarta.persistence-api/3.1.0/jakarta.persistence-api-3.1.0.jar:/Users/takumi/.m2/repository/jakarta/transaction/jakarta.transaction-api/2.0.1/jakarta.transaction-api-2.0.1.jar:/Users/takumi/.m2/repository/org/jboss/logging/jboss-logging/3.5.3.Final/jboss-logging-3.5.3.Final.jar:/Users/takumi/.m2/repository/org/hibernate/common/hibernate-commons-annotations/6.0.6.Final/hibernate-commons-annotations-6.0.6.Final.jar:/Users/takumi/.m2/repository/io/smallrye/jandex/3.1.2/jandex-3.1.2.jar:/Users/takumi/.m2/repository/com/fasterxml/classmate/1.6.0/classmate-1.6.0.jar:/Users/takumi/.m2/repository/net/bytebuddy/byte-buddy/1.14.10/byte-buddy-1.14.10.jar:/Users/takumi/.m2/repository/org/glassfish/jaxb/jaxb-runtime/4.0.4/jaxb-runtime-4.0.4.jar:/Users/takumi/.m2/repository/org/glassfish/jaxb/jaxb-core/4.0.4/jaxb-core-4.0.4.jar:/Users/takumi/.m2/repository/org/eclipse/angus/angus-activation/2.0.1/angus-activation-2.0.1.jar:/Users/takumi/.m2/repository/org/glassfish/jaxb/txw2/4.0.4/txw2-4.0.4.jar:/Users/takumi/.m2/repository/com/sun/istack/istack-commons-runtime/4.1.2/istack-commons-runtime-4.1.2.jar:/Users/takumi/.m2/repository/jakarta/inject/jakarta.inject-api/2.0.1/jakarta.inject-api-2.0.1.jar:/Users/takumi/.m2/repository/org/antlr/antlr4-runtime/4.10.1/antlr4-runtime-4.10.1.jar:/Users/takumi/.m2/repository/org/springframework/data/spring-data-jpa/3.2.0/spring-data-jpa-3.2.0.jar:/Users/takumi/.m2/repository/org/springframework/data/spring-data-commons/3.2.0/spring-data-commons-3.2.0.jar:/Users/takumi/.m2/repository/org/springframework/spring-orm/6.1.1/spring-orm-6.1.1.jar:/Users/takumi/.m2/repository/org/springframework/spring-context/6.1.1/spring-context-6.1.1.jar:/Users/takumi/.m2/repository/org/springframework/spring-tx/6.1.1/spring-tx-6.1.1.jar:/Users/takumi/.m2/repository/org/springframework/spring-beans/6.1.1/spring-beans-6.1.1.jar:/Users/takumi/.m2/repository/jakarta/annotation/jakarta.annotation-api/2.1.1/jakarta.annotation-api-2.1.1.jar:/Users/takumi/.m2/repository/org/springframework/spring-aspects/6.1.1/spring-aspects-6.1.1.jar:/Users/takumi/.m2/repository/org/springframework/boot/spring-boot-starter-thymeleaf/3.2.0/spring-boot-starter-thymeleaf-3.2.0.jar:/Users/takumi/.m2/repository/org/springframework/boot/spring-boot-starter/3.2.0/spring-boot-starter-3.2.0.jar:/Users/takumi/.m2/repository/org/springframework/boot/spring-boot-starter-logging/3.2.0/spring-boot-starter-logging-3.2.0.jar:/Users/takumi/.m2/repository/ch/qos/logback/logback-classic/1.4.11/logback-classic-1.4.11.jar:/Users/takumi/.m2/repository/ch/qos/logback/logback-core/1.4.11/logback-core-1.4.11.jar:/Users/takumi/.m2/repository/org/apache/logging/log4j/log4j-to-slf4j/2.21.1/log4j-to-slf4j-2.21.1.jar:/Users/takumi/.m2/repository/org/apache/logging/log4j/log4j-api/2.21.1/log4j-api-2.21.1.jar:/Users/takumi/.m2/repository/org/slf4j/jul-to-slf4j/2.0.9/jul-to-slf4j-2.0.9.jar:/Users/takumi/.m2/repository/org/yaml/snakeyaml/2.2/snakeyaml-2.2.jar:/Users/takumi/.m2/repository/org/thymeleaf/thymeleaf-spring6/3.1.2.RELEASE/thymeleaf-spring6-3.1.2.RELEASE.jar:/Users/takumi/.m2/repository/org/thymeleaf/thymeleaf/3.1.2.RELEASE/thymeleaf-3.1.2.RELEASE.jar:/Users/takumi/.m2/repository/org/attoparser/attoparser/2.0.7.RELEASE/attoparser-2.0.7.RELEASE.jar:/Users/takumi/.m2/repository/org/unbescape/unbescape/1.1.6.RELEASE/unbescape-1.1.6.RELEASE.jar:/Users/takumi/.m2/repository/org/springframework/boot/spring-boot-starter-web/3.2.0/spring-boot-starter-web-3.2.0.jar:/Users/takumi/.m2/repository/org/springframework/boot/spring-boot-starter-json/3.2.0/spring-boot-starter-json-3.2.0.jar:/Users/takumi/.m2/repository/com/fasterxml/jackson/core/jackson-databind/2.15.3/jackson-databind-2.15.3.jar:/Users/takumi/.m2/repository/com/fasterxml/jackson/core/jackson-annotations/2.15.3/jackson-annotations-2.15.3.jar:/Users/takumi/.m2/repository/com/fasterxml/jackson/core/jackson-core/2.15.3/jackson-core-2.15.3.jar:/Users/takumi/.m2/repository/com/fasterxml/jackson/datatype/jackson-datatype-jdk8/2.15.3/jackson-datatype-jdk8-2.15.3.jar:/Users/takumi/.m2/repository/com/fasterxml/jackson/datatype/jackson-datatype-jsr310/2.15.3/jackson-datatype-jsr310-2.15.3.jar:/Users/takumi/.m2/repository/com/fasterxml/jackson/module/jackson-module-parameter-names/2.15.3/jackson-module-parameter-names-2.15.3.jar:/Users/takumi/.m2/repository/org/springframework/boot/spring-boot-starter-tomcat/3.2.0/spring-boot-starter-tomcat-3.2.0.jar:/Users/takumi/.m2/repository/org/apache/tomcat/embed/tomcat-embed-core/10.1.16/tomcat-embed-core-10.1.16.jar:/Users/takumi/.m2/repository/org/apache/tomcat/embed/tomcat-embed-websocket/10.1.16/tomcat-embed-websocket-10.1.16.jar:/Users/takumi/.m2/repository/org/springframework/spring-web/6.1.1/spring-web-6.1.1.jar:/Users/takumi/.m2/repository/io/micrometer/micrometer-observation/1.12.0/micrometer-observation-1.12.0.jar:/Users/takumi/.m2/repository/io/micrometer/micrometer-commons/1.12.0/micrometer-commons-1.12.0.jar:/Users/takumi/.m2/repository/org/springframework/spring-webmvc/6.1.1/spring-webmvc-6.1.1.jar:/Users/takumi/.m2/repository/org/springframework/spring-expression/6.1.1/spring-expression-6.1.1.jar:/Users/takumi/.m2/repository/org/springframework/boot/spring-boot-devtools/3.2.0/spring-boot-devtools-3.2.0.jar:/Users/takumi/.m2/repository/org/springframework/boot/spring-boot/3.2.0/spring-boot-3.2.0.jar:/Users/takumi/.m2/repository/org/springframework/boot/spring-boot-autoconfigure/3.2.0/spring-boot-autoconfigure-3.2.0.jar:/Users/takumi/.m2/repository/com/mysql/mysql-connector-j/8.1.0/mysql-connector-j-8.1.0.jar:/Users/takumi/.m2/repository/org/projectlombok/lombok/1.18.30/lombok-1.18.30.jar:/Users/takumi/.m2/repository/org/springframework/boot/spring-boot-starter-test/3.2.0/spring-boot-starter-test-3.2.0.jar:/Users/takumi/.m2/repository/org/springframework/boot/spring-boot-test/3.2.0/spring-boot-test-3.2.0.jar:/Users/takumi/.m2/repository/org/springframework/boot/spring-boot-test-autoconfigure/3.2.0/spring-boot-test-autoconfigure-3.2.0.jar:/Users/takumi/.m2/repository/com/jayway/jsonpath/json-path/2.8.0/json-path-2.8.0.jar:/Users/takumi/.m2/repository/jakarta/xml/bind/jakarta.xml.bind-api/4.0.1/jakarta.xml.bind-api-4.0.1.jar:/Users/takumi/.m2/repository/jakarta/activation/jakarta.activation-api/2.1.2/jakarta.activation-api-2.1.2.jar:/Users/takumi/.m2/repository/net/minidev/json-smart/2.5.0/json-smart-2.5.0.jar:/Users/takumi/.m2/repository/net/minidev/accessors-smart/2.5.0/accessors-smart-2.5.0.jar:/Users/takumi/.m2/repository/org/ow2/asm/asm/9.3/asm-9.3.jar:/Users/takumi/.m2/repository/org/assertj/assertj-core/3.24.2/assertj-core-3.24.2.jar:/Users/takumi/.m2/repository/org/awaitility/awaitility/4.2.0/awaitility-4.2.0.jar:/Users/takumi/.m2/repository/org/hamcrest/hamcrest/2.2/hamcrest-2.2.jar:/Users/takumi/.m2/repository/org/junit/jupiter/junit-jupiter/5.10.1/junit-jupiter-5.10.1.jar:/Users/takumi/.m2/repository/org/junit/jupiter/junit-jupiter-api/5.10.1/junit-jupiter-api-5.10.1.jar:/Users/takumi/.m2/repository/org/opentest4j/opentest4j/1.3.0/opentest4j-1.3.0.jar:/Users/takumi/.m2/repository/org/junit/platform/junit-platform-commons/1.10.1/junit-platform-commons-1.10.1.jar:/Users/takumi/.m2/repository/org/apiguardian/apiguardian-api/1.1.2/apiguardian-api-1.1.2.jar:/Users/takumi/.m2/repository/org/junit/jupiter/junit-jupiter-params/5.10.1/junit-jupiter-params-5.10.1.jar:/Users/takumi/.m2/repository/org/junit/jupiter/junit-jupiter-engine/5.10.1/junit-jupiter-engine-5.10.1.jar:/Users/takumi/.m2/repository/org/junit/platform/junit-platform-engine/1.10.1/junit-platform-engine-1.10.1.jar:/Users/takumi/.m2/repository/org/mockito/mockito-core/5.7.0/mockito-core-5.7.0.jar:/Users/takumi/.m2/repository/net/bytebuddy/byte-buddy-agent/1.14.10/byte-buddy-agent-1.14.10.jar:/Users/takumi/.m2/repository/org/objenesis/objenesis/3.3/objenesis-3.3.jar:/Users/takumi/.m2/repository/org/mockito/mockito-junit-jupiter/5.7.0/mockito-junit-jupiter-5.7.0.jar:/Users/takumi/.m2/repository/org/skyscreamer/jsonassert/1.5.1/jsonassert-1.5.1.jar:/Users/takumi/.m2/repository/com/vaadin/external/google/android-json/0.0.20131108.vaadin1/android-json-0.0.20131108.vaadin1.jar:/Users/takumi/.m2/repository/org/springframework/spring-core/6.1.1/spring-core-6.1.1.jar:/Users/takumi/.m2/repository/org/springframework/spring-jcl/6.1.1/spring-jcl-6.1.1.jar:/Users/takumi/.m2/repository/org/springframework/spring-test/6.1.1/spring-test-6.1.1.jar:/Users/takumi/.m2/repository/org/xmlunit/xmlunit-core/2.9.1/xmlunit-core-2.9.1.jar:/Users/takumi/.m2/repository/org/springframework/boot/spring-boot-starter-security/3.2.0/spring-boot-starter-security-3.2.0.jar:/Users/takumi/.m2/repository/org/springframework/spring-aop/6.1.1/spring-aop-6.1.1.jar:/Users/takumi/.m2/repository/org/springframework/security/spring-security-config/6.2.0/spring-security-config-6.2.0.jar:/Users/takumi/.m2/repository/org/springframework/security/spring-security-web/6.2.0/spring-security-web-6.2.0.jar:/Users/takumi/.m2/repository/org/thymeleaf/extras/thymeleaf-extras-springsecurity6/3.1.2.RELEASE/thymeleaf-extras-springsecurity6-3.1.2.RELEASE.jar:/Users/takumi/.m2/repository/org/slf4j/slf4j-api/2.0.9/slf4j-api-2.0.9.jar:/Users/takumi/.m2/repository/org/springframework/boot/spring-boot-starter-validation/3.2.0/spring-boot-starter-validation-3.2.0.jar:/Users/takumi/.m2/repository/org/apache/tomcat/embed/tomcat-embed-el/10.1.16/tomcat-embed-el-10.1.16.jar:/Users/takumi/.m2/repository/org/hibernate/validator/hibernate-validator/8.0.1.Final/hibernate-validator-8.0.1.Final.jar:/Users/takumi/.m2/repository/jakarta/validation/jakarta.validation-api/3.0.2/jakarta.validation-api-3.0.2.jar:/Users/takumi/.m2/repository/org/springframework/security/spring-security-test/6.2.0/spring-security-test-6.2.0.jar:/Users/takumi/.m2/repository/org/springframework/security/spring-security-core/6.2.0/spring-security-core-6.2.0.jar:/Users/takumi/.m2/repository/org/springframework/security/spring-security-crypto/6.2.0/spring-security-crypto-6.2.0.jar:"/>
    <property name="java.vm.vendor" value="Eclipse Adoptium"/>
    <property name="sun.arch.data.model" value="64"/>
    <property name="java.vendor.url" value="https://adoptium.net/"/>
    <property name="user.timezone" value="Asia/Tokyo"/>
    <property name="org.jboss.logging.provider" value="slf4j"/>
    <property name="os.name" value="Mac OS X"/>
    <property name="java.vm.specification.version" value="17"/>
    <property name="sun.java.launcher" value="SUN_STANDARD"/>
    <property name="user.country" value="JP"/>
    <property name="sun.boot.library.path" value="/Library/Java/JavaVirtualMachines/temurin-17.jdk/Contents/Home/lib"/>
    <property name="sun.java.command" value="/Users/takumi/Downloads/lyta-dailyreport-system/target/surefire/surefirebooter-20240324181554666_3.jar /Users/takumi/Downloads/lyta-dailyreport-system/target/surefire 2024-03-24T18-15-54_240-jvmRun1 surefire-20240324181554666_1tmp surefire_0-20240324181554666_2tmp"/>
    <property name="http.nonProxyHosts" value="local|*.local|169.254/16|*.169.254/16"/>
    <property name="jdk.debug" value="release"/>
    <property name="surefire.test.class.path" value="/Users/takumi/Downloads/lyta-dailyreport-system/target/test-classes:/Users/takumi/Downloads/lyta-dailyreport-system/target/classes:/Users/takumi/.m2/repository/org/springframework/boot/spring-boot-starter-data-jpa/3.2.0/spring-boot-starter-data-jpa-3.2.0.jar:/Users/takumi/.m2/repository/org/springframework/boot/spring-boot-starter-aop/3.2.0/spring-boot-starter-aop-3.2.0.jar:/Users/takumi/.m2/repository/org/aspectj/aspectjweaver/1.9.20.1/aspectjweaver-1.9.20.1.jar:/Users/takumi/.m2/repository/org/springframework/boot/spring-boot-starter-jdbc/3.2.0/spring-boot-starter-jdbc-3.2.0.jar:/Users/takumi/.m2/repository/com/zaxxer/HikariCP/5.0.1/HikariCP-5.0.1.jar:/Users/takumi/.m2/repository/org/springframework/spring-jdbc/6.1.1/spring-jdbc-6.1.1.jar:/Users/takumi/.m2/repository/org/hibernate/orm/hibernate-core/6.3.1.Final/hibernate-core-6.3.1.Final.jar:/Users/takumi/.m2/repository/jakarta/persistence/jakarta.persistence-api/3.1.0/jakarta.persistence-api-3.1.0.jar:/Users/takumi/.m2/repository/jakarta/transaction/jakarta.transaction-api/2.0.1/jakarta.transaction-api-2.0.1.jar:/Users/takumi/.m2/repository/org/jboss/logging/jboss-logging/3.5.3.Final/jboss-logging-3.5.3.Final.jar:/Users/takumi/.m2/repository/org/hibernate/common/hibernate-commons-annotations/6.0.6.Final/hibernate-commons-annotations-6.0.6.Final.jar:/Users/takumi/.m2/repository/io/smallrye/jandex/3.1.2/jandex-3.1.2.jar:/Users/takumi/.m2/repository/com/fasterxml/classmate/1.6.0/classmate-1.6.0.jar:/Users/takumi/.m2/repository/net/bytebuddy/byte-buddy/1.14.10/byte-buddy-1.14.10.jar:/Users/takumi/.m2/repository/org/glassfish/jaxb/jaxb-runtime/4.0.4/jaxb-runtime-4.0.4.jar:/Users/takumi/.m2/repository/org/glassfish/jaxb/jaxb-core/4.0.4/jaxb-core-4.0.4.jar:/Users/takumi/.m2/repository/org/eclipse/angus/angus-activation/2.0.1/angus-activation-2.0.1.jar:/Users/takumi/.m2/repository/org/glassfish/jaxb/txw2/4.0.4/txw2-4.0.4.jar:/Users/takumi/.m2/repository/com/sun/istack/istack-commons-runtime/4.1.2/istack-commons-runtime-4.1.2.jar:/Users/takumi/.m2/repository/jakarta/inject/jakarta.inject-api/2.0.1/jakarta.inject-api-2.0.1.jar:/Users/takumi/.m2/repository/org/antlr/antlr4-runtime/4.10.1/antlr4-runtime-4.10.1.jar:/Users/takumi/.m2/repository/org/springframework/data/spring-data-jpa/3.2.0/spring-data-jpa-3.2.0.jar:/Users/takumi/.m2/repository/org/springframework/data/spring-data-commons/3.2.0/spring-data-commons-3.2.0.jar:/Users/takumi/.m2/repository/org/springframework/spring-orm/6.1.1/spring-orm-6.1.1.jar:/Users/takumi/.m2/repository/org/springframework/spring-context/6.1.1/spring-context-6.1.1.jar:/Users/takumi/.m2/repository/org/springframework/spring-tx/6.1.1/spring-tx-6.1.1.jar:/Users/takumi/.m2/repository/org/springframework/spring-beans/6.1.1/spring-beans-6.1.1.jar:/Users/takumi/.m2/repository/jakarta/annotation/jakarta.annotation-api/2.1.1/jakarta.annotation-api-2.1.1.jar:/Users/takumi/.m2/repository/org/springframework/spring-aspects/6.1.1/spring-aspects-6.1.1.jar:/Users/takumi/.m2/repository/org/springframework/boot/spring-boot-starter-thymeleaf/3.2.0/spring-boot-starter-thymeleaf-3.2.0.jar:/Users/takumi/.m2/repository/org/springframework/boot/spring-boot-starter/3.2.0/spring-boot-starter-3.2.0.jar:/Users/takumi/.m2/repository/org/springframework/boot/spring-boot-starter-logging/3.2.0/spring-boot-starter-logging-3.2.0.jar:/Users/takumi/.m2/repository/ch/qos/logback/logback-classic/1.4.11/logback-classic-1.4.11.jar:/Users/takumi/.m2/repository/ch/qos/logback/logback-core/1.4.11/logback-core-1.4.11.jar:/Users/takumi/.m2/repository/org/apache/logging/log4j/log4j-to-slf4j/2.21.1/log4j-to-slf4j-2.21.1.jar:/Users/takumi/.m2/repository/org/apache/logging/log4j/log4j-api/2.21.1/log4j-api-2.21.1.jar:/Users/takumi/.m2/repository/org/slf4j/jul-to-slf4j/2.0.9/jul-to-slf4j-2.0.9.jar:/Users/takumi/.m2/repository/org/yaml/snakeyaml/2.2/snakeyaml-2.2.jar:/Users/takumi/.m2/repository/org/thymeleaf/thymeleaf-spring6/3.1.2.RELEASE/thymeleaf-spring6-3.1.2.RELEASE.jar:/Users/takumi/.m2/repository/org/thymeleaf/thymeleaf/3.1.2.RELEASE/thymeleaf-3.1.2.RELEASE.jar:/Users/takumi/.m2/repository/org/attoparser/attoparser/2.0.7.RELEASE/attoparser-2.0.7.RELEASE.jar:/Users/takumi/.m2/repository/org/unbescape/unbescape/1.1.6.RELEASE/unbescape-1.1.6.RELEASE.jar:/Users/takumi/.m2/repository/org/springframework/boot/spring-boot-starter-web/3.2.0/spring-boot-starter-web-3.2.0.jar:/Users/takumi/.m2/repository/org/springframework/boot/spring-boot-starter-json/3.2.0/spring-boot-starter-json-3.2.0.jar:/Users/takumi/.m2/repository/com/fasterxml/jackson/core/jackson-databind/2.15.3/jackson-databind-2.15.3.jar:/Users/takumi/.m2/repository/com/fasterxml/jackson/core/jackson-annotations/2.15.3/jackson-annotations-2.15.3.jar:/Users/takumi/.m2/repository/com/fasterxml/jackson/core/jackson-core/2.15.3/jackson-core-2.15.3.jar:/Users/takumi/.m2/repository/com/fasterxml/jackson/datatype/jackson-datatype-jdk8/2.15.3/jackson-datatype-jdk8-2.15.3.jar:/Users/takumi/.m2/repository/com/fasterxml/jackson/datatype/jackson-datatype-jsr310/2.15.3/jackson-datatype-jsr310-2.15.3.jar:/Users/takumi/.m2/repository/com/fasterxml/jackson/module/jackson-module-parameter-names/2.15.3/jackson-module-parameter-names-2.15.3.jar:/Users/takumi/.m2/repository/org/springframework/boot/spring-boot-starter-tomcat/3.2.0/spring-boot-starter-tomcat-3.2.0.jar:/Users/takumi/.m2/repository/org/apache/tomcat/embed/tomcat-embed-core/10.1.16/tomcat-embed-core-10.1.16.jar:/Users/takumi/.m2/repository/org/apache/tomcat/embed/tomcat-embed-websocket/10.1.16/tomcat-embed-websocket-10.1.16.jar:/Users/takumi/.m2/repository/org/springframework/spring-web/6.1.1/spring-web-6.1.1.jar:/Users/takumi/.m2/repository/io/micrometer/micrometer-observation/1.12.0/micrometer-observation-1.12.0.jar:/Users/takumi/.m2/repository/io/micrometer/micrometer-commons/1.12.0/micrometer-commons-1.12.0.jar:/Users/takumi/.m2/repository/org/springframework/spring-webmvc/6.1.1/spring-webmvc-6.1.1.jar:/Users/takumi/.m2/repository/org/springframework/spring-expression/6.1.1/spring-expression-6.1.1.jar:/Users/takumi/.m2/repository/org/springframework/boot/spring-boot-devtools/3.2.0/spring-boot-devtools-3.2.0.jar:/Users/takumi/.m2/repository/org/springframework/boot/spring-boot/3.2.0/spring-boot-3.2.0.jar:/Users/takumi/.m2/repository/org/springframework/boot/spring-boot-autoconfigure/3.2.0/spring-boot-autoconfigure-3.2.0.jar:/Users/takumi/.m2/repository/com/mysql/mysql-connector-j/8.1.0/mysql-connector-j-8.1.0.jar:/Users/takumi/.m2/repository/org/projectlombok/lombok/1.18.30/lombok-1.18.30.jar:/Users/takumi/.m2/repository/org/springframework/boot/spring-boot-starter-test/3.2.0/spring-boot-starter-test-3.2.0.jar:/Users/takumi/.m2/repository/org/springframework/boot/spring-boot-test/3.2.0/spring-boot-test-3.2.0.jar:/Users/takumi/.m2/repository/org/springframework/boot/spring-boot-test-autoconfigure/3.2.0/spring-boot-test-autoconfigure-3.2.0.jar:/Users/takumi/.m2/repository/com/jayway/jsonpath/json-path/2.8.0/json-path-2.8.0.jar:/Users/takumi/.m2/repository/jakarta/xml/bind/jakarta.xml.bind-api/4.0.1/jakarta.xml.bind-api-4.0.1.jar:/Users/takumi/.m2/repository/jakarta/activation/jakarta.activation-api/2.1.2/jakarta.activation-api-2.1.2.jar:/Users/takumi/.m2/repository/net/minidev/json-smart/2.5.0/json-smart-2.5.0.jar:/Users/takumi/.m2/repository/net/minidev/accessors-smart/2.5.0/accessors-smart-2.5.0.jar:/Users/takumi/.m2/repository/org/ow2/asm/asm/9.3/asm-9.3.jar:/Users/takumi/.m2/repository/org/assertj/assertj-core/3.24.2/assertj-core-3.24.2.jar:/Users/takumi/.m2/repository/org/awaitility/awaitility/4.2.0/awaitility-4.2.0.jar:/Users/takumi/.m2/repository/org/hamcrest/hamcrest/2.2/hamcrest-2.2.jar:/Users/takumi/.m2/repository/org/junit/jupiter/junit-jupiter/5.10.1/junit-jupiter-5.10.1.jar:/Users/takumi/.m2/repository/org/junit/jupiter/junit-jupiter-api/5.10.1/junit-jupiter-api-5.10.1.jar:/Users/takumi/.m2/repository/org/opentest4j/opentest4j/1.3.0/opentest4j-1.3.0.jar:/Users/takumi/.m2/repository/org/junit/platform/junit-platform-commons/1.10.1/junit-platform-commons-1.10.1.jar:/Users/takumi/.m2/repository/org/apiguardian/apiguardian-api/1.1.2/apiguardian-api-1.1.2.jar:/Users/takumi/.m2/repository/org/junit/jupiter/junit-jupiter-params/5.10.1/junit-jupiter-params-5.10.1.jar:/Users/takumi/.m2/repository/org/junit/jupiter/junit-jupiter-engine/5.10.1/junit-jupiter-engine-5.10.1.jar:/Users/takumi/.m2/repository/org/junit/platform/junit-platform-engine/1.10.1/junit-platform-engine-1.10.1.jar:/Users/takumi/.m2/repository/org/mockito/mockito-core/5.7.0/mockito-core-5.7.0.jar:/Users/takumi/.m2/repository/net/bytebuddy/byte-buddy-agent/1.14.10/byte-buddy-agent-1.14.10.jar:/Users/takumi/.m2/repository/org/objenesis/objenesis/3.3/objenesis-3.3.jar:/Users/takumi/.m2/repository/org/mockito/mockito-junit-jupiter/5.7.0/mockito-junit-jupiter-5.7.0.jar:/Users/takumi/.m2/repository/org/skyscreamer/jsonassert/1.5.1/jsonassert-1.5.1.jar:/Users/takumi/.m2/repository/com/vaadin/external/google/android-json/0.0.20131108.vaadin1/android-json-0.0.20131108.vaadin1.jar:/Users/takumi/.m2/repository/org/springframework/spring-core/6.1.1/spring-core-6.1.1.jar:/Users/takumi/.m2/repository/org/springframework/spring-jcl/6.1.1/spring-jcl-6.1.1.jar:/Users/takumi/.m2/repository/org/springframework/spring-test/6.1.1/spring-test-6.1.1.jar:/Users/takumi/.m2/repository/org/xmlunit/xmlunit-core/2.9.1/xmlunit-core-2.9.1.jar:/Users/takumi/.m2/repository/org/springframework/boot/spring-boot-starter-security/3.2.0/spring-boot-starter-security-3.2.0.jar:/Users/takumi/.m2/repository/org/springframework/spring-aop/6.1.1/spring-aop-6.1.1.jar:/Users/takumi/.m2/repository/org/springframework/security/spring-security-config/6.2.0/spring-security-config-6.2.0.jar:/Users/takumi/.m2/repository/org/springframework/security/spring-security-web/6.2.0/spring-security-web-6.2.0.jar:/Users/takumi/.m2/repository/org/thymeleaf/extras/thymeleaf-extras-springsecurity6/3.1.2.RELEASE/thymeleaf-extras-springsecurity6-3.1.2.RELEASE.jar:/Users/takumi/.m2/repository/org/slf4j/slf4j-api/2.0.9/slf4j-api-2.0.9.jar:/Users/takumi/.m2/repository/org/springframework/boot/spring-boot-starter-validation/3.2.0/spring-boot-starter-validation-3.2.0.jar:/Users/takumi/.m2/repository/org/apache/tomcat/embed/tomcat-embed-el/10.1.16/tomcat-embed-el-10.1.16.jar:/Users/takumi/.m2/repository/org/hibernate/validator/hibernate-validator/8.0.1.Final/hibernate-validator-8.0.1.Final.jar:/Users/takumi/.m2/repository/jakarta/validation/jakarta.validation-api/3.0.2/jakarta.validation-api-3.0.2.jar:/Users/takumi/.m2/repository/org/springframework/security/spring-security-test/6.2.0/spring-security-test-6.2.0.jar:/Users/takumi/.m2/repository/org/springframework/security/spring-security-core/6.2.0/spring-security-core-6.2.0.jar:/Users/takumi/.m2/repository/org/springframework/security/spring-security-crypto/6.2.0/spring-security-crypto-6.2.0.jar:"/>
    <property name="sun.cpu.endian" value="little"/>
    <property name="user.home" value="/Users/takumi"/>
    <property name="user.language" value="ja"/>
    <property name="java.specification.vendor" value="Oracle Corporation"/>
    <property name="java.version.date" value="2022-10-18"/>
    <property name="java.home" value="/Library/Java/JavaVirtualMachines/temurin-17.jdk/Contents/Home"/>
    <property name="file.separator" value="/"/>
    <property name="style.color" value="always"/>
    <property name="basedir" value="/Users/takumi/Downloads/lyta-dailyreport-system"/>
    <property name="java.vm.compressedOopsMode" value="Zero based"/>
    <property name="line.separator" value="&#10;"/>
    <property name="java.vm.specification.vendor" value="Oracle Corporation"/>
    <property name="java.specification.name" value="Java Platform API Specification"/>
    <property name="FILE_LOG_CHARSET" value="UTF-8"/>
    <property name="java.awt.headless" value="true"/>
    <property name="surefire.real.class.path" value="/Users/takumi/Downloads/lyta-dailyreport-system/target/surefire/surefirebooter-20240324181554666_3.jar"/>
    <property name="sun.management.compiler" value="HotSpot 64-Bit Tiered Compilers"/>
    <property name="ftp.nonProxyHosts" value="local|*.local|169.254/16|*.169.254/16"/>
    <property name="java.runtime.version" value="17.0.5+8"/>
    <property name="user.name" value="takumi"/>
    <property name="path.separator" value=":"/>
    <property name="os.version" value="14.2"/>
    <property name="java.runtime.name" value="OpenJDK Runtime Environment"/>
    <property name="file.encoding" value="UTF-8"/>
    <property name="java.vm.name" value="OpenJDK 64-Bit Server VM"/>
    <property name="java.vendor.version" value="Temurin-17.0.5+8"/>
    <property name="localRepository" value="/Users/takumi/.m2/repository"/>
    <property name="java.vendor.url.bug" value="https://github.com/adoptium/adoptium-support/issues"/>
    <property name="java.io.tmpdir" value="/var/folders/vn/29zsb8bj1zg2qbkz1kbs3kww0000gn/T/"/>
    <property name="com.zaxxer.hikari.pool_number" value="1"/>
    <property name="java.version" value="17.0.5"/>
    <property name="user.dir" value="/Users/takumi/Downloads/lyta-dailyreport-system"/>
    <property name="os.arch" value="x86_64"/>
    <property name="java.vm.specification.name" value="Java Virtual Machine Specification"/>
    <property name="PID" value="30014"/>
    <property name="CONSOLE_LOG_CHARSET" value="UTF-8"/>
    <property name="native.encoding" value="UTF-8"/>
    <property name="java.library.path" value="/Users/takumi/Library/Java/Extensions:/Library/Java/Extensions:/Network/Library/Java/Extensions:/System/Library/Java/Extensions:/usr/lib/java:."/>
    <property name="java.vm.info" value="mixed mode, sharing"/>
    <property name="java.vendor" value="Eclipse Adoptium"/>
    <property name="java.vm.version" value="17.0.5+8"/>
    <property name="sun.io.unicode.encoding" value="UnicodeBig"/>
    <property name="socksNonProxyHosts" value="local|*.local|169.254/16|*.169.254/16"/>
    <property name="java.class.version" value="61.0"/>
  </properties>
  <testcase name="testList" classname="com.techacademy.controller.EmployeeControllerTest" time="1.289">
    <system-out><![CDATA[18:15:55.986 [main] INFO org.springframework.test.context.support.AnnotationConfigContextLoaderUtils -- Could not detect default configuration classes for test class [com.techacademy.controller.EmployeeControllerTest]: EmployeeControllerTest does not declare any static, non-private, non-final, nested classes annotated with @Configuration.
18:15:56.198 [main] INFO org.springframework.boot.test.context.SpringBootTestContextBootstrapper -- Found @SpringBootConfiguration com.techacademy.DailyReportSystemApplication for test class com.techacademy.controller.EmployeeControllerTest
18:15:56.382 [main] INFO org.springframework.boot.devtools.restart.RestartApplicationListener -- Restart disabled due to context in which it is running

  .   ____          _            __ _ _
 /\\ / ___'_ __ _ _(_)_ __  __ _ \ \ \ \
( ( )\___ | '_ | '_| | '_ \/ _` | \ \ \ \
 \\/  ___)| |_)| | | | | || (_| |  ) ) ) )
  '  |____| .__|_| |_|_| |_\__, | / / / /
 =========|_|==============|___/=/_/_/_/
 :: Spring Boot ::                (v3.2.0)

2024-03-24T18:15:56.817+09:00  INFO 30014 --- [           main] c.t.controller.EmployeeControllerTest    : Starting EmployeeControllerTest using Java 17.0.5 with PID 30014 (started by takumi in /Users/takumi/Downloads/lyta-dailyreport-system)
2024-03-24T18:15:56.821+09:00  INFO 30014 --- [           main] c.t.controller.EmployeeControllerTest    : No active profile set, falling back to 1 default profile: "default"
2024-03-24T18:15:58.214+09:00  INFO 30014 --- [           main] .s.d.r.c.RepositoryConfigurationDelegate : Bootstrapping Spring Data JPA repositories in DEFAULT mode.
2024-03-24T18:15:58.283+09:00  INFO 30014 --- [           main] .s.d.r.c.RepositoryConfigurationDelegate : Finished Spring Data repository scanning in 62 ms. Found 2 JPA repository interfaces.
2024-03-24T18:15:59.151+09:00  INFO 30014 --- [           main] o.hibernate.jpa.internal.util.LogHelper  : HHH000204: Processing PersistenceUnitInfo [name: default]
2024-03-24T18:15:59.210+09:00  INFO 30014 --- [           main] org.hibernate.Version                    : HHH000412: Hibernate ORM core version 6.3.1.Final
2024-03-24T18:15:59.247+09:00  INFO 30014 --- [           main] o.h.c.internal.RegionFactoryInitiator    : HHH000026: Second-level cache disabled
2024-03-24T18:15:59.515+09:00  INFO 30014 --- [           main] o.s.o.j.p.SpringPersistenceUnitInfo      : No LoadTimeWeaver setup: ignoring JPA class transformer
2024-03-24T18:15:59.568+09:00  INFO 30014 --- [           main] com.zaxxer.hikari.HikariDataSource       : HikariPool-1 - Starting...
2024-03-24T18:15:59.835+09:00  INFO 30014 --- [           main] com.zaxxer.hikari.pool.HikariPool        : HikariPool-1 - Added connection com.mysql.cj.jdbc.ConnectionImpl@108b121f
2024-03-24T18:15:59.837+09:00  INFO 30014 --- [           main] com.zaxxer.hikari.HikariDataSource       : HikariPool-1 - Start completed.
2024-03-24T18:16:00.840+09:00  INFO 30014 --- [           main] o.h.e.t.j.p.i.JtaPlatformInitiator       : HHH000489: No JTA platform available (set 'hibernate.transaction.jta.platform' to enable JTA platform integration)
Hibernate: alter table reports drop foreign key FKml3syulw48umvbjfdaeqawq3b
Hibernate: drop table if exists employees
Hibernate: drop table if exists reports
Hibernate: create table employees (delete_flg TINYINT not null, created_at datetime(6) not null, updated_at datetime(6) not null, code varchar(10) not null, name varchar(20) not null, password varchar(255) not null, role VARCHAR(10) not null, primary key (code)) engine=InnoDB
Hibernate: create table reports (delete_flg TINYINT not null, id integer not null auto_increment, report_date date not null, created_at datetime(6) not null, updated_at datetime(6) not null, employee_code varchar(10) not null, content varchar(20) not null, title varchar(20) not null, primary key (id)) engine=InnoDB
Hibernate: alter table reports add constraint FKml3syulw48umvbjfdaeqawq3b foreign key (employee_code) references employees (code)
2024-03-24T18:16:00.950+09:00  INFO 30014 --- [           main] j.LocalContainerEntityManagerFactoryBean : Initialized JPA EntityManagerFactory for persistence unit 'default'
2024-03-24T18:16:01.804+09:00  WARN 30014 --- [           main] JpaBaseConfiguration$JpaWebConfiguration : spring.jpa.open-in-view is enabled by default. Therefore, database queries may be performed during view rendering. Explicitly configure spring.jpa.open-in-view to disable this warning
2024-03-24T18:16:02.416+09:00  INFO 30014 --- [           main] o.s.s.web.DefaultSecurityFilterChain     : Will secure any request with [org.springframework.security.web.session.DisableEncodeUrlFilter@4f93a8f6, org.springframework.security.web.context.request.async.WebAsyncManagerIntegrationFilter@492d38a2, org.springframework.security.web.context.SecurityContextHolderFilter@2dbc66f0, org.springframework.security.web.header.HeaderWriterFilter@11a29c0, org.springframework.web.filter.CorsFilter@3fc2e100, org.springframework.security.web.csrf.CsrfFilter@65a3d7c9, org.springframework.security.web.authentication.logout.LogoutFilter@5058fefb, org.springframework.security.web.authentication.UsernamePasswordAuthenticationFilter@27ea552d, org.springframework.security.web.savedrequest.RequestCacheAwareFilter@47800bd7, org.springframework.security.web.servletapi.SecurityContextHolderAwareRequestFilter@4c57ca10, org.springframework.security.web.authentication.AnonymousAuthenticationFilter@31885b4b, org.springframework.security.web.access.ExceptionTranslationFilter@13f17b8f, org.springframework.security.web.access.intercept.AuthorizationFilter@6f53295e]
2024-03-24T18:16:03.093+09:00  INFO 30014 --- [           main] o.s.b.t.m.w.SpringBootMockServletContext : Initializing Spring TestDispatcherServlet ''
2024-03-24T18:16:03.094+09:00  INFO 30014 --- [           main] o.s.t.web.servlet.TestDispatcherServlet  : Initializing Servlet ''
2024-03-24T18:16:03.097+09:00  INFO 30014 --- [           main] o.s.t.web.servlet.TestDispatcherServlet  : Completed initialization in 1 ms
2024-03-24T18:16:03.150+09:00  INFO 30014 --- [           main] c.t.controller.EmployeeControllerTest    : Started EmployeeControllerTest in 6.784 seconds (process running for 8.326)
2024-03-24T18:16:03.850+09:00  INFO 30014 --- [           main] o.s.b.t.m.w.SpringBootMockServletContext : Initializing Spring TestDispatcherServlet ''
2024-03-24T18:16:03.852+09:00  INFO 30014 --- [           main] o.s.t.web.servlet.TestDispatcherServlet  : Initializing Servlet ''
2024-03-24T18:16:03.854+09:00  INFO 30014 --- [           main] o.s.t.web.servlet.TestDispatcherServlet  : Completed initialization in 1 ms
2024-03-24T18:16:03.884+09:00  WARN 30014 --- [           main] o.s.w.s.h.HandlerMappingIntrospector     : Cache miss for REQUEST dispatch to '/employees' (previous null). Performing CorsConfiguration lookup. This is logged once only at WARN level, and every time at TRACE.
Hibernate: select e1_0.code,e1_0.created_at,e1_0.delete_flg,e1_0.name,e1_0.password,e1_0.role,e1_0.updated_at from employees e1_0 where (e1_0.delete_flg = 0)
Hibernate: select e1_0.code,e1_0.created_at,e1_0.delete_flg,e1_0.name,e1_0.password,e1_0.role,e1_0.updated_at from employees e1_0 where (e1_0.delete_flg = 0)
2024-03-24T18:16:04.287+09:00  WARN 30014 --- [           main] actStandardFragmentInsertionTagProcessor : [THYMELEAF][main][employees/list] Deprecated unwrapped fragment expression "common/header :: head_fragment(title=従業員一覧)" found in template employees/list, line 4, col 7. Please use the complete syntax of fragment expressions instead ("~{common/header :: head_fragment(title=従業員一覧)}"). The old, unwrapped syntax for fragment expressions will be removed in future versions of Thymeleaf.
2024-03-24T18:16:04.390+09:00  WARN 30014 --- [           main] actStandardFragmentInsertionTagProcessor : [THYMELEAF][main][employees/list] Deprecated unwrapped fragment expression "common/side :: copy" found in template employees/list, line 9, col 18. Please use the complete syntax of fragment expressions instead ("~{common/side :: copy}"). The old, unwrapped syntax for fragment expressions will be removed in future versions of Thymeleaf.
]]></system-out>
  </testcase>
  <testcase name="testDeleteSuccess1" classname="com.techacademy.controller.EmployeeControllerTest" time="0.2">
    <system-out><![CDATA[2024-03-24T18:16:04.523+09:00  INFO 30014 --- [           main] o.s.b.t.m.w.SpringBootMockServletContext : Initializing Spring TestDispatcherServlet ''
2024-03-24T18:16:04.524+09:00  INFO 30014 --- [           main] o.s.t.web.servlet.TestDispatcherServlet  : Initializing Servlet ''
2024-03-24T18:16:04.526+09:00  INFO 30014 --- [           main] o.s.t.web.servlet.TestDispatcherServlet  : Completed initialization in 2 ms
Hibernate: select e1_0.code,e1_0.created_at,e1_0.delete_flg,e1_0.name,e1_0.password,e1_0.role,e1_0.updated_at from employees e1_0 where e1_0.code=? and (e1_0.delete_flg = 0)
Hibernate: select r1_0.id,r1_0.content,r1_0.created_at,r1_0.delete_flg,r1_0.employee_code,r1_0.report_date,r1_0.title,r1_0.updated_at from reports r1_0 where (r1_0.delete_flg = 0) and r1_0.employee_code=?
]]></system-out>
  </testcase>
  <testcase name="testDeleteSuccess2" classname="com.techacademy.controller.EmployeeControllerTest" time="0.028">
    <system-out><![CDATA[2024-03-24T18:16:04.712+09:00  INFO 30014 --- [           main] o.s.b.t.m.w.SpringBootMockServletContext : Initializing Spring TestDispatcherServlet ''
2024-03-24T18:16:04.712+09:00  INFO 30014 --- [           main] o.s.t.web.servlet.TestDispatcherServlet  : Initializing Servlet ''
2024-03-24T18:16:04.713+09:00  INFO 30014 --- [           main] o.s.t.web.servlet.TestDispatcherServlet  : Completed initialization in 1 ms
Hibernate: select e1_0.code,e1_0.created_at,e1_0.delete_flg,e1_0.name,e1_0.password,e1_0.role,e1_0.updated_at from employees e1_0 where e1_0.code=? and (e1_0.delete_flg = 0)
Hibernate: select r1_0.id,r1_0.content,r1_0.created_at,r1_0.delete_flg,r1_0.employee_code,r1_0.report_date,r1_0.title,r1_0.updated_at from reports r1_0 where (r1_0.delete_flg = 0) and r1_0.employee_code=?
]]></system-out>
  </testcase>
  <testcase name="testAddSuccess" classname="com.techacademy.controller.EmployeeControllerTest" time="0.221">
    <system-out><![CDATA[2024-03-24T18:16:04.738+09:00  INFO 30014 --- [           main] o.s.b.t.m.w.SpringBootMockServletContext : Initializing Spring TestDispatcherServlet ''
2024-03-24T18:16:04.738+09:00  INFO 30014 --- [           main] o.s.t.web.servlet.TestDispatcherServlet  : Initializing Servlet ''
2024-03-24T18:16:04.740+09:00  INFO 30014 --- [           main] o.s.t.web.servlet.TestDispatcherServlet  : Completed initialization in 2 ms
Hibernate: select e1_0.code,e1_0.created_at,e1_0.delete_flg,e1_0.name,e1_0.password,e1_0.role,e1_0.updated_at from employees e1_0 where e1_0.code=? and (e1_0.delete_flg = 0)
Hibernate: select e1_0.code,e1_0.created_at,e1_0.delete_flg,e1_0.name,e1_0.password,e1_0.role,e1_0.updated_at,rl1_0.employee_code,rl1_0.id,rl1_0.content,rl1_0.created_at,rl1_0.delete_flg,rl1_0.report_date,rl1_0.title,rl1_0.updated_at from employees e1_0 left join reports rl1_0 on e1_0.code=rl1_0.employee_code and (rl1_0.delete_flg = 0)  and (rl1_0.delete_flg = 0)  where e1_0.code=? and (e1_0.delete_flg = 0)
]]></system-out>
  </testcase>
  <testcase name="testDeleteError1" classname="com.techacademy.controller.EmployeeControllerTest" time="0.064">
    <system-out><![CDATA[2024-03-24T18:16:04.972+09:00  INFO 30014 --- [           main] o.s.b.t.m.w.SpringBootMockServletContext : Initializing Spring TestDispatcherServlet ''
2024-03-24T18:16:04.973+09:00  INFO 30014 --- [           main] o.s.t.web.servlet.TestDispatcherServlet  : Initializing Servlet ''
2024-03-24T18:16:04.974+09:00  INFO 30014 --- [           main] o.s.t.web.servlet.TestDispatcherServlet  : Completed initialization in 1 ms
Hibernate: select e1_0.code,e1_0.created_at,e1_0.delete_flg,e1_0.name,e1_0.password,e1_0.role,e1_0.updated_at from employees e1_0 where e1_0.code=? and (e1_0.delete_flg = 0)
2024-03-24T18:16:05.000+09:00  WARN 30014 --- [           main] actStandardFragmentInsertionTagProcessor : [THYMELEAF][main][employees/detail] Deprecated unwrapped fragment expression "common/header :: head_fragment(title=従業員詳細)" found in template employees/detail, line 4, col 7. Please use the complete syntax of fragment expressions instead ("~{common/header :: head_fragment(title=従業員詳細)}"). The old, unwrapped syntax for fragment expressions will be removed in future versions of Thymeleaf.
2024-03-24T18:16:05.003+09:00  WARN 30014 --- [           main] actStandardFragmentInsertionTagProcessor : [THYMELEAF][main][employees/detail] Deprecated unwrapped fragment expression "common/side :: copy" found in template employees/detail, line 9, col 18. Please use the complete syntax of fragment expressions instead ("~{common/side :: copy}"). The old, unwrapped syntax for fragment expressions will be removed in future versions of Thymeleaf.
]]></system-out>
  </testcase>
  <testcase name="testAddError1" classname="com.techacademy.controller.EmployeeControllerTest" time="0.068">
    <system-out><![CDATA[2024-03-24T18:16:05.032+09:00  INFO 30014 --- [           main] o.s.b.t.m.w.SpringBootMockServletContext : Initializing Spring TestDispatcherServlet ''
2024-03-24T18:16:05.032+09:00  INFO 30014 --- [           main] o.s.t.web.servlet.TestDispatcherServlet  : Initializing Servlet ''
2024-03-24T18:16:05.033+09:00  INFO 30014 --- [           main] o.s.t.web.servlet.TestDispatcherServlet  : Completed initialization in 1 ms
2024-03-24T18:16:05.062+09:00  WARN 30014 --- [           main] actStandardFragmentInsertionTagProcessor : [THYMELEAF][main][employees/new] Deprecated unwrapped fragment expression "common/header :: head_fragment(title=従業員新規登録)" found in template employees/new, line 4, col 7. Please use the complete syntax of fragment expressions instead ("~{common/header :: head_fragment(title=従業員新規登録)}"). The old, unwrapped syntax for fragment expressions will be removed in future versions of Thymeleaf.
2024-03-24T18:16:05.064+09:00  WARN 30014 --- [           main] actStandardFragmentInsertionTagProcessor : [THYMELEAF][main][employees/new] Deprecated unwrapped fragment expression "common/side :: copy" found in template employees/new, line 9, col 18. Please use the complete syntax of fragment expressions instead ("~{common/side :: copy}"). The old, unwrapped syntax for fragment expressions will be removed in future versions of Thymeleaf.
]]></system-out>
  </testcase>
  <testcase name="testAddError2" classname="com.techacademy.controller.EmployeeControllerTest" time="0.022">
    <system-out><![CDATA[2024-03-24T18:16:05.102+09:00  INFO 30014 --- [           main] o.s.b.t.m.w.SpringBootMockServletContext : Initializing Spring TestDispatcherServlet ''
2024-03-24T18:16:05.103+09:00  INFO 30014 --- [           main] o.s.t.web.servlet.TestDispatcherServlet  : Initializing Servlet ''
2024-03-24T18:16:05.103+09:00  INFO 30014 --- [           main] o.s.t.web.servlet.TestDispatcherServlet  : Completed initialization in 0 ms
2024-03-24T18:16:05.107+09:00  WARN 30014 --- [           main] actStandardFragmentInsertionTagProcessor : [THYMELEAF][main][employees/new] Deprecated unwrapped fragment expression "common/header :: head_fragment(title=従業員新規登録)" found in template employees/new, line 4, col 7. Please use the complete syntax of fragment expressions instead ("~{common/header :: head_fragment(title=従業員新規登録)}"). The old, unwrapped syntax for fragment expressions will be removed in future versions of Thymeleaf.
2024-03-24T18:16:05.108+09:00  WARN 30014 --- [           main] actStandardFragmentInsertionTagProcessor : [THYMELEAF][main][employees/new] Deprecated unwrapped fragment expression "common/side :: copy" found in template employees/new, line 9, col 18. Please use the complete syntax of fragment expressions instead ("~{common/side :: copy}"). The old, unwrapped syntax for fragment expressions will be removed in future versions of Thymeleaf.
]]></system-out>
  </testcase>
  <testcase name="testAddError3" classname="com.techacademy.controller.EmployeeControllerTest" time="0.111">
    <system-out><![CDATA[2024-03-24T18:16:05.128+09:00  INFO 30014 --- [           main] o.s.b.t.m.w.SpringBootMockServletContext : Initializing Spring TestDispatcherServlet ''
2024-03-24T18:16:05.128+09:00  INFO 30014 --- [           main] o.s.t.web.servlet.TestDispatcherServlet  : Initializing Servlet ''
2024-03-24T18:16:05.129+09:00  INFO 30014 --- [           main] o.s.t.web.servlet.TestDispatcherServlet  : Completed initialization in 1 ms
Hibernate: select e1_0.code,e1_0.created_at,e1_0.delete_flg,e1_0.name,e1_0.password,e1_0.role,e1_0.updated_at from employees e1_0 where e1_0.code=? and (e1_0.delete_flg = 0)
2024-03-24T18:16:05.224+09:00  WARN 30014 --- [           main] actStandardFragmentInsertionTagProcessor : [THYMELEAF][main][employees/new] Deprecated unwrapped fragment expression "common/header :: head_fragment(title=従業員新規登録)" found in template employees/new, line 4, col 7. Please use the complete syntax of fragment expressions instead ("~{common/header :: head_fragment(title=従業員新規登録)}"). The old, unwrapped syntax for fragment expressions will be removed in future versions of Thymeleaf.
2024-03-24T18:16:05.225+09:00  WARN 30014 --- [           main] actStandardFragmentInsertionTagProcessor : [THYMELEAF][main][employees/new] Deprecated unwrapped fragment expression "common/side :: copy" found in template employees/new, line 9, col 18. Please use the complete syntax of fragment expressions instead ("~{common/side :: copy}"). The old, unwrapped syntax for fragment expressions will be removed in future versions of Thymeleaf.
]]></system-out>
  </testcase>
  <testcase name="testAddError4" classname="com.techacademy.controller.EmployeeControllerTest" time="0.032">
    <system-out><![CDATA[2024-03-24T18:16:05.240+09:00  INFO 30014 --- [           main] o.s.b.t.m.w.SpringBootMockServletContext : Initializing Spring TestDispatcherServlet ''
2024-03-24T18:16:05.240+09:00  INFO 30014 --- [           main] o.s.t.web.servlet.TestDispatcherServlet  : Initializing Servlet ''
2024-03-24T18:16:05.241+09:00  INFO 30014 --- [           main] o.s.t.web.servlet.TestDispatcherServlet  : Completed initialization in 0 ms
2024-03-24T18:16:05.252+09:00  WARN 30014 --- [           main] actStandardFragmentInsertionTagProcessor : [THYMELEAF][main][employees/new] Deprecated unwrapped fragment expression "common/header :: head_fragment(title=従業員新規登録)" found in template employees/new, line 4, col 7. Please use the complete syntax of fragment expressions instead ("~{common/header :: head_fragment(title=従業員新規登録)}"). The old, unwrapped syntax for fragment expressions will be removed in future versions of Thymeleaf.
2024-03-24T18:16:05.254+09:00  WARN 30014 --- [           main] actStandardFragmentInsertionTagProcessor : [THYMELEAF][main][employees/new] Deprecated unwrapped fragment expression "common/side :: copy" found in template employees/new, line 9, col 18. Please use the complete syntax of fragment expressions instead ("~{common/side :: copy}"). The old, unwrapped syntax for fragment expressions will be removed in future versions of Thymeleaf.
]]></system-out>
  </testcase>
  <testcase name="testAddError5" classname="com.techacademy.controller.EmployeeControllerTest" time="0.023">
    <system-out><![CDATA[2024-03-24T18:16:05.274+09:00  INFO 30014 --- [           main] o.s.b.t.m.w.SpringBootMockServletContext : Initializing Spring TestDispatcherServlet ''
2024-03-24T18:16:05.274+09:00  INFO 30014 --- [           main] o.s.t.web.servlet.TestDispatcherServlet  : Initializing Servlet ''
2024-03-24T18:16:05.274+09:00  INFO 30014 --- [           main] o.s.t.web.servlet.TestDispatcherServlet  : Completed initialization in 0 ms
2024-03-24T18:16:05.281+09:00  WARN 30014 --- [           main] actStandardFragmentInsertionTagProcessor : [THYMELEAF][main][employees/new] Deprecated unwrapped fragment expression "common/header :: head_fragment(title=従業員新規登録)" found in template employees/new, line 4, col 7. Please use the complete syntax of fragment expressions instead ("~{common/header :: head_fragment(title=従業員新規登録)}"). The old, unwrapped syntax for fragment expressions will be removed in future versions of Thymeleaf.
2024-03-24T18:16:05.283+09:00  WARN 30014 --- [           main] actStandardFragmentInsertionTagProcessor : [THYMELEAF][main][employees/new] Deprecated unwrapped fragment expression "common/side :: copy" found in template employees/new, line 9, col 18. Please use the complete syntax of fragment expressions instead ("~{common/side :: copy}"). The old, unwrapped syntax for fragment expressions will be removed in future versions of Thymeleaf.
]]></system-out>
  </testcase>
  <testcase name="testAddError6" classname="com.techacademy.controller.EmployeeControllerTest" time="0.029">
    <system-out><![CDATA[2024-03-24T18:16:05.299+09:00  INFO 30014 --- [           main] o.s.b.t.m.w.SpringBootMockServletContext : Initializing Spring TestDispatcherServlet ''
2024-03-24T18:16:05.302+09:00  INFO 30014 --- [           main] o.s.t.web.servlet.TestDispatcherServlet  : Initializing Servlet ''
2024-03-24T18:16:05.302+09:00  INFO 30014 --- [           main] o.s.t.web.servlet.TestDispatcherServlet  : Completed initialization in 0 ms
2024-03-24T18:16:05.309+09:00  WARN 30014 --- [           main] actStandardFragmentInsertionTagProcessor : [THYMELEAF][main][employees/new] Deprecated unwrapped fragment expression "common/header :: head_fragment(title=従業員新規登録)" found in template employees/new, line 4, col 7. Please use the complete syntax of fragment expressions instead ("~{common/header :: head_fragment(title=従業員新規登録)}"). The old, unwrapped syntax for fragment expressions will be removed in future versions of Thymeleaf.
2024-03-24T18:16:05.313+09:00  WARN 30014 --- [           main] actStandardFragmentInsertionTagProcessor : [THYMELEAF][main][employees/new] Deprecated unwrapped fragment expression "common/side :: copy" found in template employees/new, line 9, col 18. Please use the complete syntax of fragment expressions instead ("~{common/side :: copy}"). The old, unwrapped syntax for fragment expressions will be removed in future versions of Thymeleaf.
]]></system-out>
  </testcase>
  <testcase name="testCreate" classname="com.techacademy.controller.EmployeeControllerTest" time="0.029">
    <system-out><![CDATA[2024-03-24T18:16:05.329+09:00  INFO 30014 --- [           main] o.s.b.t.m.w.SpringBootMockServletContext : Initializing Spring TestDispatcherServlet ''
2024-03-24T18:16:05.329+09:00  INFO 30014 --- [           main] o.s.t.web.servlet.TestDispatcherServlet  : Initializing Servlet ''
2024-03-24T18:16:05.330+09:00  INFO 30014 --- [           main] o.s.t.web.servlet.TestDispatcherServlet  : Completed initialization in 1 ms
2024-03-24T18:16:05.340+09:00  WARN 30014 --- [           main] actStandardFragmentInsertionTagProcessor : [THYMELEAF][main][employees/new] Deprecated unwrapped fragment expression "common/header :: head_fragment(title=従業員新規登録)" found in template employees/new, line 4, col 7. Please use the complete syntax of fragment expressions instead ("~{common/header :: head_fragment(title=従業員新規登録)}"). The old, unwrapped syntax for fragment expressions will be removed in future versions of Thymeleaf.
2024-03-24T18:16:05.342+09:00  WARN 30014 --- [           main] actStandardFragmentInsertionTagProcessor : [THYMELEAF][main][employees/new] Deprecated unwrapped fragment expression "common/side :: copy" found in template employees/new, line 9, col 18. Please use the complete syntax of fragment expressions instead ("~{common/side :: copy}"). The old, unwrapped syntax for fragment expressions will be removed in future versions of Thymeleaf.
]]></system-out>
  </testcase>
  <testcase name="testDetail" classname="com.techacademy.controller.EmployeeControllerTest" time="0.024">
    <system-out><![CDATA[2024-03-24T18:16:05.363+09:00  INFO 30014 --- [           main] o.s.b.t.m.w.SpringBootMockServletContext : Initializing Spring TestDispatcherServlet ''
2024-03-24T18:16:05.363+09:00  INFO 30014 --- [           main] o.s.t.web.servlet.TestDispatcherServlet  : Initializing Servlet ''
2024-03-24T18:16:05.364+09:00  INFO 30014 --- [           main] o.s.t.web.servlet.TestDispatcherServlet  : Completed initialization in 1 ms
Hibernate: select e1_0.code,e1_0.created_at,e1_0.delete_flg,e1_0.name,e1_0.password,e1_0.role,e1_0.updated_at from employees e1_0 where e1_0.code=? and (e1_0.delete_flg = 0)
2024-03-24T18:16:05.372+09:00  WARN 30014 --- [           main] actStandardFragmentInsertionTagProcessor : [THYMELEAF][main][employees/detail] Deprecated unwrapped fragment expression "common/header :: head_fragment(title=従業員詳細)" found in template employees/detail, line 4, col 7. Please use the complete syntax of fragment expressions instead ("~{common/header :: head_fragment(title=従業員詳細)}"). The old, unwrapped syntax for fragment expressions will be removed in future versions of Thymeleaf.
2024-03-24T18:16:05.373+09:00  WARN 30014 --- [           main] actStandardFragmentInsertionTagProcessor : [THYMELEAF][main][employees/detail] Deprecated unwrapped fragment expression "common/side :: copy" found in template employees/detail, line 9, col 18. Please use the complete syntax of fragment expressions instead ("~{common/side :: copy}"). The old, unwrapped syntax for fragment expressions will be removed in future versions of Thymeleaf.
]]></system-out>
  </testcase>
</testsuite>